<?xml version="1.0" ?><testsuite name="answer.TransactionsTest" time="0.058" timestamp="2021-05-24T00:58:02" tests="25" failures="0" skipped="0" aborted="0"><properties><property name="java.vendor" value="Amazon.com Inc."></property><property name="sun.java.launcher" value="SUN_STANDARD"></property><property name="sun.management.compiler" value="HotSpot 64-Bit Tiered Compilers"></property><property name="os.name" value="Mac OS X"></property><property name="sun.boot.class.path" value="/Users/jeffreylin/Library/Java/JavaVirtualMachines/corretto-1.8.0_292/Contents/Home/jre/lib/resources.jar:/Users/jeffreylin/Library/Java/JavaVirtualMachines/corretto-1.8.0_292/Contents/Home/jre/lib/rt.jar:/Users/jeffreylin/Library/Java/JavaVirtualMachines/corretto-1.8.0_292/Contents/Home/jre/lib/sunrsasign.jar:/Users/jeffreylin/Library/Java/JavaVirtualMachines/corretto-1.8.0_292/Contents/Home/jre/lib/jsse.jar:/Users/jeffreylin/Library/Java/JavaVirtualMachines/corretto-1.8.0_292/Contents/Home/jre/lib/jce.jar:/Users/jeffreylin/Library/Java/JavaVirtualMachines/corretto-1.8.0_292/Contents/Home/jre/lib/charsets.jar:/Users/jeffreylin/Library/Java/JavaVirtualMachines/corretto-1.8.0_292/Contents/Home/jre/lib/jfr.jar:/Users/jeffreylin/Library/Java/JavaVirtualMachines/corretto-1.8.0_292/Contents/Home/jre/classes"></property><property name="java.vm.specification.vendor" value="Oracle Corporation"></property><property name="ant.home" value="/Applications/IntelliJ IDEA CE.app/Contents/lib/ant"></property><property name="java.runtime.version" value="1.8.0_292-b10"></property><property name="user.name" value="jeffreylin"></property><property name="user.language" value="en"></property><property name="sun.boot.library.path" value="/Users/jeffreylin/Library/Java/JavaVirtualMachines/corretto-1.8.0_292/Contents/Home/jre/lib"></property><property name="ant.project.default-target" value="build"></property><property name="ant.project.name" value="exercise"></property><property name="java.version" value="1.8.0_292"></property><property name="user.timezone" value=""></property><property name="ant.file.type.exercise" value="file"></property><property name="sun.arch.data.model" value="64"></property><property name="http.nonProxyHosts" value="local|*.local|169.254/16|*.169.254/16"></property><property name="base" value="artifacts"></property><property name="java.endorsed.dirs" value="/Users/jeffreylin/Library/Java/JavaVirtualMachines/corretto-1.8.0_292/Contents/Home/jre/lib/endorsed"></property><property name="sun.cpu.isalist" value=""></property><property name="sun.jnu.encoding" value="UTF-8"></property><property name="file.encoding.pkg" value="sun.io"></property><property name="file.separator" value="/"></property><property name="java.specification.name" value="Java Platform API Specification"></property><property name="java.class.version" value="52.0"></property><property name="junitJar" value="lib/junit-jupiter-api-5.4.2.jar"></property><property name="user.country" value="AU"></property><property name="java.home" value="/Users/jeffreylin/Library/Java/JavaVirtualMachines/corretto-1.8.0_292/Contents/Home/jre"></property><property name="java.vm.info" value="mixed mode"></property><property name="ant.file" value="/Users/jeffreylin/IdeaProjects/prac11/build.xml"></property><property name="os.version" value="10.16"></property><property name="path.separator" value=":"></property><property name="java.vm.version" value="25.292-b10"></property><property name="opentestJar" value="lib/opentest4j-1.1.1.jar"></property><property name="ant.library.dir" value="/Applications/IntelliJ IDEA CE.app/Contents/lib/ant/lib"></property><property name="java.awt.printerjob" value="sun.lwawt.macosx.CPrinterJob"></property><property name="sun.io.unicode.encoding" value="UnicodeBig"></property><property name="awt.toolkit" value="sun.lwawt.macosx.LWCToolkit"></property><property name="socksNonProxyHosts" value="local|*.local|169.254/16|*.169.254/16"></property><property name="ftp.nonProxyHosts" value="local|*.local|169.254/16|*.169.254/16"></property><property name="user.home" value="/Users/jeffreylin"></property><property name="java.specification.vendor" value="Oracle Corporation"></property><property name="java.library.path" value="/Users/jeffreylin/Library/Java/Extensions:/Library/Java/Extensions:/Network/Library/Java/Extensions:/System/Library/Java/Extensions:/usr/lib/java:."></property><property name="java.vendor.url" value="https://aws.amazon.com/corretto/"></property><property name="java.vm.vendor" value="Amazon.com Inc."></property><property name="gopherProxySet" value="false"></property><property name="java.runtime.name" value="OpenJDK Runtime Environment"></property><property name="sun.java.command" value="com.intellij.rt.ant.execution.AntMain2 -logger com.intellij.rt.ant.execution.IdeaAntLogger2 -inputhandler com.intellij.rt.ant.execution.IdeaInputHandler -buildfile /Users/jeffreylin/IdeaProjects/prac11/build.xml build"></property><property name="java.class.path" value="/Users/jeffreylin/Library/Java/JavaVirtualMachines/corretto-1.8.0_292/Contents/Home/lib/ant-javafx.jar:/Users/jeffreylin/Library/Java/JavaVirtualMachines/corretto-1.8.0_292/Contents/Home/lib/dt.jar:/Users/jeffreylin/Library/Java/JavaVirtualMachines/corretto-1.8.0_292/Contents/Home/lib/javafx-mx.jar:/Users/jeffreylin/Library/Java/JavaVirtualMachines/corretto-1.8.0_292/Contents/Home/lib/jconsole.jar:/Users/jeffreylin/Library/Java/JavaVirtualMachines/corretto-1.8.0_292/Contents/Home/lib/packager.jar:/Users/jeffreylin/Library/Java/JavaVirtualMachines/corretto-1.8.0_292/Contents/Home/lib/sa-jdi.jar:/Users/jeffreylin/Library/Java/JavaVirtualMachines/corretto-1.8.0_292/Contents/Home/lib/tools.jar:/Users/jeffreylin/IdeaProjects/prac11/lib/apiguardian-api-1.0.0.jar:/Users/jeffreylin/IdeaProjects/prac11/lib/junit-jupiter-5.4.2.jar:/Users/jeffreylin/IdeaProjects/prac11/lib/junit-jupiter-api-5.4.2.jar:/Users/jeffreylin/IdeaProjects/prac11/lib/junit-jupiter-engine-5.4.2.jar:/Users/jeffreylin/IdeaProjects/prac11/lib/junit-jupiter-params-5.4.2.jar:/Users/jeffreylin/IdeaProjects/prac11/lib/junit-platform-commons-1.4.2.jar:/Users/jeffreylin/IdeaProjects/prac11/lib/junit-platform-engine-1.4.2.jar:/Users/jeffreylin/IdeaProjects/prac11/lib/junit-platform-launcher-1.4.2.jar:/Users/jeffreylin/IdeaProjects/prac11/lib/opentest4j-1.1.1.jar:/Applications/IntelliJ IDEA CE.app/Contents/lib/ant/lib/ant-commons-net.jar:/Applications/IntelliJ IDEA CE.app/Contents/lib/ant/lib/ant-xz.jar:/Applications/IntelliJ IDEA CE.app/Contents/lib/ant/lib/ant-junit4.jar:/Applications/IntelliJ IDEA CE.app/Contents/lib/ant/lib/ant-jai.jar:/Applications/IntelliJ IDEA CE.app/Contents/lib/ant/lib/ant-apache-resolver.jar:/Applications/IntelliJ IDEA CE.app/Contents/lib/ant/lib/ant-jdepend.jar:/Applications/IntelliJ IDEA CE.app/Contents/lib/ant/lib/ant-apache-regexp.jar:/Applications/IntelliJ IDEA CE.app/Contents/lib/ant/lib/ant-apache-log4j.jar:/Applications/IntelliJ IDEA CE.app/Contents/lib/ant/lib/ant-javamail.jar:/Applications/IntelliJ IDEA CE.app/Contents/lib/ant/lib/ant-apache-bcel.jar:/Applications/IntelliJ IDEA CE.app/Contents/lib/ant/lib/ant.jar:/Applications/IntelliJ IDEA CE.app/Contents/lib/ant/lib/ant-netrexx.jar:/Applications/IntelliJ IDEA CE.app/Contents/lib/ant/lib/ant-swing.jar:/Applications/IntelliJ IDEA CE.app/Contents/lib/ant/lib/ant-jsch.jar:/Applications/IntelliJ IDEA CE.app/Contents/lib/ant/lib/ant-junitlauncher.jar:/Applications/IntelliJ IDEA CE.app/Contents/lib/ant/lib/ant-junit.jar:/Applications/IntelliJ IDEA CE.app/Contents/lib/ant/lib/ant-launcher.jar:/Applications/IntelliJ IDEA CE.app/Contents/lib/ant/lib/ant-antlr.jar:/Applications/IntelliJ IDEA CE.app/Contents/lib/ant/lib/ant-testutil.jar:/Applications/IntelliJ IDEA CE.app/Contents/lib/ant/lib/ant-apache-oro.jar:/Applications/IntelliJ IDEA CE.app/Contents/lib/ant/lib/ant-jmf.jar:/Applications/IntelliJ IDEA CE.app/Contents/lib/ant/lib/ant-apache-xalan2.jar:/Applications/IntelliJ IDEA CE.app/Contents/lib/ant/lib/ant-apache-bsf.jar:/Applications/IntelliJ IDEA CE.app/Contents/lib/ant/lib/ant-commons-logging.jar:/Applications/IntelliJ IDEA CE.app/Contents/lib/idea_rt.jar"></property><property name="ant.version" value="Apache Ant(TM) version 1.10.5 compiled on July 10 2018"></property><property name="ant.file.exercise" value="/Users/jeffreylin/IdeaProjects/prac11/build.xml"></property><property name="testBase" value="testFiles"></property><property name="junitpath" value="lib/junit-jupiter-api-5.4.2.jar:lib/junit-platform-commons-1.4.2.jar:lib/opentest4j-1.1.1.jar:lib/apiguardian-api-1.0.0.jar"></property><property name="java.vm.specification.name" value="Java Virtual Machine Specification"></property><property name="ant.file.type" value="file"></property><property name="java.vm.specification.version" value="1.8"></property><property name="sun.cpu.endian" value="little"></property><property name="sun.os.patch.level" value="unknown"></property><property name="java.io.tmpdir" value="/var/folders/0t/m2yg7jjj3fv9kcks6_ptz6fw0000gn/T/"></property><property name="java.vendor.url.bug" value="https://github.com/corretto/corretto-8/issues/"></property><property name="os.arch" value="x86_64"></property><property name="java.awt.graphicsenv" value="sun.awt.CGraphicsEnvironment"></property><property name="java.ext.dirs" value="/Users/jeffreylin/Library/Java/Extensions:/Users/jeffreylin/Library/Java/JavaVirtualMachines/corretto-1.8.0_292/Contents/Home/jre/lib/ext:/Library/Java/Extensions:/Network/Library/Java/Extensions:/System/Library/Java/Extensions:/usr/lib/java"></property><property name="user.dir" value="/Users/jeffreylin/IdeaProjects/prac11"></property><property name="line.separator" value="
"></property><property name="java.vm.name" value="OpenJDK 64-Bit Server VM"></property><property name="basedir" value="/Users/jeffreylin/IdeaProjects/prac11"></property><property name="junitPlatformJar" value="lib/junit-platform-commons-1.4.2.jar"></property><property name="ant.java.version" value="1.8"></property><property name="ant.core.lib" value="/Applications/IntelliJ IDEA CE.app/Contents/lib/ant/lib/ant.jar"></property><property name="file.encoding" value="UTF-8"></property><property name="java.specification.version" value="1.8"></property><property name="ant.project.invoked-targets" value="build"></property><property name="apiguardianJar" value="lib/apiguardian-api-1.0.0.jar"></property></properties><testcase classname="answer.TransactionsTest" name="RunningOutOfStockWithRestocking()" time="0.001"></testcase><testcase classname="answer.TransactionsTest" name="DaysProgressNormally()" time="0.002"></testcase><testcase classname="answer.TransactionsTest" name="JobCompletionInitialised()" time="0.0"></testcase><testcase classname="answer.TransactionsTest" name="SingleDayJob()" time="0.0"></testcase><testcase classname="answer.TransactionsTest" name="MiscellaneousTransactions()" time="0.001"></testcase><testcase classname="answer.TransactionsTest" name="SellingNothingOrderFulfilled()" time="0.001"></testcase><testcase classname="answer.TransactionsTest" name="ZeroJobDuration()" time="0.008"></testcase><testcase classname="answer.TransactionsTest" name="RunningOutOfCashByPayingForEmptyDeliveryTrucks()" time="0.0"></testcase><testcase classname="answer.TransactionsTest" name="NegativeWarehouseCapacity()" time="0.001"></testcase><testcase classname="answer.TransactionsTest" name="NegativeWholesalePurchaseWithRestocking()" time="0.001"></testcase><testcase classname="answer.TransactionsTest" name="WarehouseTransactionsConstructed()" time="0.001"></testcase><testcase classname="answer.TransactionsTest" name="ZeroWarehouseCapacity()" time="0.0"></testcase><testcase classname="answer.TransactionsTest" name="NegativeWholesalePurchase()" time="0.001"></testcase><testcase classname="answer.TransactionsTest" name="RestockingAndSellingNothing()" time="0.0"></testcase><testcase classname="answer.TransactionsTest" name="RestockingWhenAlreadyFull()" time="0.002"></testcase><testcase classname="answer.TransactionsTest" name="SellingNothingStockUnchanged()" time="0.0"></testcase><testcase classname="answer.TransactionsTest" name="RunningOutOfStock()" time="0.0"></testcase><testcase classname="answer.TransactionsTest" name="NegativeJobDuration()" time="0.001"></testcase><testcase classname="answer.TransactionsTest" name="SellingEverythingNoStockLeft()" time="0.0"></testcase><testcase classname="answer.TransactionsTest" name="SellingEverythingOrderFulfilled()" time="0.001"></testcase><testcase classname="answer.TransactionsTest" name="InsolvencyStatusInitialised()" time="0.004"></testcase><testcase classname="answer.TransactionsTest" name="DaysProgressNormallyWithRestocking()" time="0.0"></testcase><testcase classname="answer.TransactionsTest" name="RunningOutOfCash()" time="0.001"></testcase><testcase classname="answer.TransactionsTest" name="WarehouseLedgerConstructed()" time="0.0"></testcase><testcase classname="answer.TransactionsTest" name="OrderFulfillmentInitialised()" time="0.0"></testcase></testsuite>